<?xml version="1.0" encoding="UTF-8"?>
<!-- Generated by org.testng.reporters.JUnitXMLReporter -->
<testsuite ignored="0" hostname="LAPTOP-UB1OC60A" failures="1" tests="1" name="HardAssert Test" time="0.062" errors="0" timestamp="2020-04-14T00:33:40 EDT">
  <testcase classname="testNGTestCases.TestCase2" name="getTitle" time="0.016">
    <failure type="java.lang.AssertionError" message="Failing the test as the condition is not met">
      <![CDATA[java.lang.AssertionError: Failing the test as the condition is not met
at testNGTestCases.TestCase2.getTitle(TestCase2.java:29)
at java.base/java.util.ArrayList.forEach(ArrayList.java:1540)
... Removed 28 stack frames]]>
    </failure>
  </testcase> <!-- getTitle -->
</testsuite> <!-- HardAssert Test -->
