<?xml version="1.0" encoding="UTF-8"?>
<!-- Generated by org.testng.reporters.JUnitXMLReporter -->
<testsuite ignored="0" hostname="LAPTOP-UB1OC60A" failures="1" tests="1" name="Test" time="0.046" errors="0" timestamp="2020-04-15T16:28:22 EDT">
  <testcase classname="crossBrowsers.VerifyTitle" name="verifypageTitle" time="0.0">
    <failure type="org.testng.TestNGException" message="
Parameter &amp;apos;brower&amp;apos; is required by @Test on method verifypageTitle but has not been marked @Optional or defined
in C:\Users\prabh\eclipse-workspaceNew\SeleniumTesting\crossbrowser.xml">
      <![CDATA[org.testng.TestNGException: 
Parameter 'brower' is required by @Test on method verifypageTitle but has not been marked @Optional or defined
in C:\Users\prabh\eclipse-workspaceNew\SeleniumTesting\crossbrowser.xml
at java.base/java.util.ArrayList.forEach(ArrayList.java:1540)
... Removed 26 stack frames]]>
    </failure>
  </testcase> <!-- verifypageTitle -->
</testsuite> <!-- Test -->
