<?xml version="1.0" encoding="UTF-8"?>
<!-- Generated by org.testng.reporters.JUnitXMLReporter -->
<testsuite ignored="0" hostname="LAPTOP-UB1OC60A" failures="1" tests="1" name="SoftAssert Test" time="0.089" errors="0" timestamp="2020-04-13T23:58:11 EDT">
  <testcase classname="testNGTestCases.TestCase1" name="getTitle" time="0.021">
    <failure type="java.lang.AssertionError" message="The following asserts failed:
	Failing the test as the condition is not met">
      <![CDATA[java.lang.AssertionError: The following asserts failed:
Failing the test as the condition is not met
at testNGTestCases.TestCase1.getTitle(TestCase1.java:27)
at java.base/java.util.ArrayList.forEach(ArrayList.java:1540)
... Removed 30 stack frames]]>
    </failure>
  </testcase> <!-- getTitle -->
</testsuite> <!-- SoftAssert Test -->
